[GIN-debug] [WARNING] Creating an Engine instance with the Logger and Recovery middleware already attached.

[GIN-debug] [WARNING] Running in "debug" mode. Switch to "release" mode in production.
 - using env:	export GIN_MODE=release
 - using code:	gin.SetMode(gin.ReleaseMode)

[GIN-debug] GET    /static/*filepath         --> github.com/gin-gonic/gin.(*RouterGroup).createStaticHandler.func1 (3 handlers)
[GIN-debug] HEAD   /static/*filepath         --> github.com/gin-gonic/gin.(*RouterGroup).createStaticHandler.func1 (3 handlers)
[GIN-debug] GET    /douyin/feed              --> tiktok/controller.VideoFeedController (3 handlers)
[GIN-debug] POST   /douyin/user/login/       --> tiktok/controller.UserLoginController (5 handlers)
[GIN-debug] POST   /douyin/user/register/    --> tiktok/controller.UserRegisterController (5 handlers)
[GIN-debug] GET    /douyin/user              --> tiktok/controller.UserInfoController (4 handlers)
[GIN-debug] POST   /douyin/publish/action/   --> tiktok/controller.PublishVideoController (4 handlers)
[GIN-debug] GET    /douyin/publish/list/     --> tiktok/controller.PublishListController (4 handlers)
[GIN-debug] POST   /douyin/favorite/action/  --> tiktok/controller.FavoriteActionController (4 handlers)
[GIN-debug] GET    /douyin/favorite/list/    --> tiktok/controller.FavoriteListController (4 handlers)
[GIN-debug] POST   /douyin/comment/action/   --> tiktok/controller.CommentActionController (4 handlers)
[GIN-debug] GET    /douyin/comment/list/     --> tiktok/controller.CommentListController (4 handlers)
[GIN-debug] GET    /douyin/relation/follower/list --> tiktok/controller.FollowerListController (4 handlers)
[GIN-debug] POST   /douyin/relation/action/  --> tiktok/controller.FollowActionController (4 handlers)
[GIN-debug] GET    /douyin/relation/follow/list/ --> tiktok/controller.FollowListController (4 handlers)
[GIN-debug] POST   /douyin/message/action/   --> tiktok/controller.ChatActionController (5 handlers)
[GIN-debug] GET    /douyin/message/chat/     --> tiktok/controller.ChatRecordListController (4 handlers)
[GIN-debug] GET    /douyin/relation/friend/list/ --> tiktok/controller.FriendListController (4 handlers)
[GIN-debug] [WARNING] You trusted all proxies, this is NOT safe. We recommend you to set a value.
Please check https://pkg.go.dev/github.com/gin-gonic/gin#readme-don-t-trust-all-proxies for details.
[GIN-debug] Listening and serving HTTP on :8080
